applog: 2022/05/17 19:27:49 servercode.go:220: -----------------------------------------------------------
applog: 2022/05/17 19:27:49 servercode.go:221: Operation: Create
applog: 2022/05/17 19:27:49 servercode.go:134: Current token data:
applog: 2022/05/17 19:27:49 servercode.go:135: ID: 1020, Name: , Low: 0, Mid: 0, High: 0
applog: 2022/05/17 19:27:49 servercode.go:252: Timestamp is set.
applog: 2022/05/17 19:27:49 servercode.go:268: Sending Create RPC call to server running on port 65000
applog: 2022/05/17 19:27:50 servercode.go:289: Response from the server: Token created successfully.
applog: 2022/05/17 19:27:50 servercode.go:268: Sending Create RPC call to server running on port 60000
applog: 2022/05/17 19:27:51 servercode.go:289: Response from the server: Token created successfully.
applog: 2022/05/17 19:27:51 servercode.go:118: Other token IDs:
applog: 2022/05/17 19:27:51 servercode.go:129: 
applog: 2022/05/17 19:27:51 servercode.go:220: -----------------------------------------------------------
applog: 2022/05/17 19:27:51 servercode.go:221: Operation: Create
applog: 2022/05/17 19:27:51 servercode.go:134: Current token data:
applog: 2022/05/17 19:27:51 servercode.go:135: ID: 5060, Name: , Low: 0, Mid: 0, High: 0
applog: 2022/05/17 19:27:51 servercode.go:268: Sending Create RPC call to server running on port 55000
applog: 2022/05/17 19:27:52 servercode.go:289: Response from the server: Token created successfully.
applog: 2022/05/17 19:27:52 servercode.go:268: Sending Create RPC call to server running on port 60000
applog: 2022/05/17 19:27:52 servercode.go:289: Response from the server: Token created successfully.
applog: 2022/05/17 19:27:52 servercode.go:118: Other token IDs:
applog: 2022/05/17 19:27:52 servercode.go:129: 1020 
applog: 2022/05/17 19:27:53 servercode.go:220: -----------------------------------------------------------
applog: 2022/05/17 19:27:53 servercode.go:221: Operation: Create
applog: 2022/05/17 19:27:53 servercode.go:134: Current token data:
applog: 2022/05/17 19:27:53 servercode.go:135: ID: 43, Name: , Low: 0, Mid: 0, High: 0
applog: 2022/05/17 19:27:53 servercode.go:118: Other token IDs:
applog: 2022/05/17 19:27:53 servercode.go:129: 1020 5060 
applog: 2022/05/17 19:27:55 servercode.go:379: -----------------------------------------------------------
applog: 2022/05/17 19:27:55 servercode.go:380: Operation: Write
applog: 2022/05/17 19:27:55 servercode.go:134: Current token data:
applog: 2022/05/17 19:27:55 servercode.go:135: ID: 1020, Name: token1, Low: 0, Mid: 10, High: 100
applog: 2022/05/17 19:27:55 servercode.go:440: Sending Write RPC call to server running on port 65000
applog: 2022/05/17 19:27:55 servercode.go:443: Response from the server: 201727370335385989
applog: 2022/05/17 19:27:55 servercode.go:440: Sending Write RPC call to server running on port 60000
applog: 2022/05/17 19:27:55 servercode.go:443: Response from the server: 201727370335385989
applog: 2022/05/17 19:27:55 servercode.go:118: Other token IDs:
applog: 2022/05/17 19:27:55 servercode.go:129: 5060 43 
applog: 2022/05/17 19:27:55 servercode.go:379: -----------------------------------------------------------
applog: 2022/05/17 19:27:55 servercode.go:380: Operation: Write
applog: 2022/05/17 19:27:55 servercode.go:134: Current token data:
applog: 2022/05/17 19:27:55 servercode.go:135: ID: 43, Name: token3, Low: 123, Mid: 434, High: 1000
applog: 2022/05/17 19:27:55 servercode.go:118: Other token IDs:
applog: 2022/05/17 19:27:55 servercode.go:129: 1020 5060 
applog: 2022/05/17 19:27:55 servercode.go:379: -----------------------------------------------------------
applog: 2022/05/17 19:27:55 servercode.go:380: Operation: Write
applog: 2022/05/17 19:27:55 servercode.go:134: Current token data:
applog: 2022/05/17 19:27:55 servercode.go:135: ID: 5060, Name: token4, Low: 43, Mid: 56, High: 123
applog: 2022/05/17 19:27:55 servercode.go:440: Sending Write RPC call to server running on port 55000
applog: 2022/05/17 19:27:55 servercode.go:443: Response from the server: 321975603108808208
applog: 2022/05/17 19:27:55 servercode.go:440: Sending Write RPC call to server running on port 60000
applog: 2022/05/17 19:27:55 servercode.go:443: Response from the server: 321975603108808208
applog: 2022/05/17 19:27:55 servercode.go:118: Other token IDs:
applog: 2022/05/17 19:27:55 servercode.go:129: 1020 43 
applog: 2022/05/17 19:28:10 servercode.go:308: -----------------------------------------------------------
applog: 2022/05/17 19:28:10 servercode.go:309: Operation: Read
applog: 2022/05/17 19:28:10 servercode.go:310: 1020
applog: 2022/05/17 19:28:10 servercode.go:206: Response from the server running on port 60000 in the quorum: [1652830075 201727370335385989]
applog: 2022/05/17 19:28:10 servercode.go:134: Current token data:
applog: 2022/05/17 19:28:10 servercode.go:135: ID: 1020, Name: token1, Low: 0, Mid: 10, High: 100
applog: 2022/05/17 19:28:10 servercode.go:118: Other token IDs:
applog: 2022/05/17 19:28:10 servercode.go:129: 5060 43 
applog: 2022/05/17 19:28:10 servercode.go:459: -----------------------------------------------------------
applog: 2022/05/17 19:28:10 servercode.go:460: Operation: Drop
applog: 2022/05/17 19:28:10 servercode.go:134: Current token data:
applog: 2022/05/17 19:28:10 servercode.go:135: ID: 1020, Name: token1, Low: 0, Mid: 10, High: 100
applog: 2022/05/17 19:28:10 servercode.go:474: Token deleted successfully.
applog: 2022/05/17 19:28:10 servercode.go:485: Sending Drop RPC call to server running on port 65000
applog: 2022/05/17 19:28:10 servercode.go:485: Sending Drop RPC call to server running on port 60000
applog: 2022/05/17 19:28:10 servercode.go:118: Other token IDs:
applog: 2022/05/17 19:28:10 servercode.go:129: 5060 43 
applog: 2022/05/17 19:28:10 servercode.go:499: Response from the server: Token deletion successful.
applog: 2022/05/17 19:28:10 servercode.go:459: -----------------------------------------------------------
applog: 2022/05/17 19:28:10 servercode.go:460: Operation: Drop
applog: 2022/05/17 19:28:10 servercode.go:134: Current token data:
applog: 2022/05/17 19:28:10 servercode.go:135: ID: 5060, Name: token4, Low: 43, Mid: 56, High: 123
applog: 2022/05/17 19:28:10 servercode.go:474: Token deleted successfully.
applog: 2022/05/17 19:28:10 servercode.go:485: Sending Drop RPC call to server running on port 55000
applog: 2022/05/17 19:28:10 servercode.go:485: Sending Drop RPC call to server running on port 60000
applog: 2022/05/17 19:28:10 servercode.go:118: Other token IDs:
applog: 2022/05/17 19:28:10 servercode.go:129: 43 
applog: 2022/05/17 19:28:10 servercode.go:499: Response from the server: Token deletion successful.
applog: 2022/05/17 19:28:10 servercode.go:499: Response from the server: Token deletion successful.
applog: 2022/05/17 19:28:10 servercode.go:459: -----------------------------------------------------------
applog: 2022/05/17 19:28:10 servercode.go:460: Operation: Drop
applog: 2022/05/17 19:28:10 servercode.go:134: Current token data:
applog: 2022/05/17 19:28:10 servercode.go:135: ID: 43, Name: token3, Low: 123, Mid: 434, High: 1000
applog: 2022/05/17 19:28:10 servercode.go:474: Token deleted successfully.
applog: 2022/05/17 19:28:10 servercode.go:118: Other token IDs:
applog: 2022/05/17 19:28:10 servercode.go:129: 
